<?xml version="1.0" encoding="UTF-8"?>
<!-- Generated by org.testng.reporters.JUnitXMLReporter -->
<testsuite ignored="0" hostname="RameshPC" failures="0" tests="6" name="Default test" time="62.763" errors="0" timestamp="2025-06-12T18:06:44 NPT">
  <testcase classname="com.broadway.ecom.UserTest" name="signUp" time="29.79"/>
  <testcase classname="com.broadway.ecom.UserTest" name="fillUserInfo" time="0.004"/>
  <testcase classname="com.broadway.ecom.UserTest" name="buyProducts" time="12.023"/>
  <testcase classname="com.broadway.ecom.UserTest" name="makePayment" time="2.58"/>
  <testcase classname="com.broadway.ecom.UserTest" name="fillCardInfo" time="3.744"/>
  <testcase classname="com.broadway.ecom.UserTest" name="logout" time="14.506"/>
</testsuite> <!-- Default test -->
