<?xml version="1.0" encoding="UTF-8"?>
<!-- Generated by org.testng.reporters.JUnitXMLReporter -->
<testsuite ignored="0" hostname="RameshPC" failures="0" tests="6" name="Default test" time="30.492" errors="0" timestamp="2025-06-12T15:26:15 NPT">
  <testcase classname="com.broadway.ecom.UserTest" name="signUp" time="7.212"/>
  <testcase classname="com.broadway.ecom.UserTest" name="fillUserInfo" time="7.311"/>
  <testcase classname="com.broadway.ecom.UserTest" name="buyProducts" time="4.013"/>
  <testcase classname="com.broadway.ecom.UserTest" name="makePayment" time="2.31"/>
  <testcase classname="com.broadway.ecom.UserTest" name="fillCardInfo" time="2.874"/>
  <testcase classname="com.broadway.ecom.UserTest" name="logout" time="6.654"/>
</testsuite> <!-- Default test -->
