<?xml version="1.0" encoding="UTF-8"?>
<testng-results ignored="0" total="6" passed="6" failed="0" skipped="0">
  <reporter-output>
  </reporter-output>
  <suite started-at="2025-06-11T18:52:26 NPT" name="Default suite" finished-at="2025-06-11T18:53:02 NPT" duration-ms="36436">
    <groups>
    </groups>
    <test started-at="2025-06-11T18:52:26 NPT" name="Default test" finished-at="2025-06-11T18:53:02 NPT" duration-ms="36436">
      <class name="com.broadway.ecom.UserTest">
        <test-method is-config="true" signature="setUpSuite()[pri:0, instance:com.broadway.ecom.UserTest@302552ec]" started-at="2025-06-11T18:52:04 NPT" name="setUpSuite" finished-at="2025-06-11T18:52:26 NPT" duration-ms="21341" status="PASS">
          <reporter-output>
          </reporter-output>
        </test-method> <!-- setUpSuite -->
        <test-method signature="signUp()[pri:0, instance:com.broadway.ecom.UserTest@302552ec]" started-at="2025-06-11T18:52:26 NPT" name="signUp" finished-at="2025-06-11T18:52:33 NPT" duration-ms="7441" status="PASS">
          <reporter-output>
          </reporter-output>
        </test-method> <!-- signUp -->
        <test-method signature="fillUserInfo()[pri:0, instance:com.broadway.ecom.UserTest@302552ec]" started-at="2025-06-11T18:52:33 NPT" name="fillUserInfo" finished-at="2025-06-11T18:52:33 NPT" depends-on-methods="com.broadway.ecom.UserTest.signUp" duration-ms="2" status="PASS">
          <reporter-output>
          </reporter-output>
        </test-method> <!-- fillUserInfo -->
        <test-method signature="buyProducts()[pri:0, instance:com.broadway.ecom.UserTest@302552ec]" started-at="2025-06-11T18:52:33 NPT" name="buyProducts" finished-at="2025-06-11T18:52:41 NPT" depends-on-methods="com.broadway.ecom.UserTest.fillUserInfo" duration-ms="8007" status="PASS">
          <reporter-output>
          </reporter-output>
        </test-method> <!-- buyProducts -->
        <test-method signature="makePayment()[pri:0, instance:com.broadway.ecom.UserTest@302552ec]" started-at="2025-06-11T18:52:41 NPT" name="makePayment" finished-at="2025-06-11T18:52:48 NPT" depends-on-methods="com.broadway.ecom.UserTest.buyProducts" duration-ms="6602" status="PASS">
          <reporter-output>
          </reporter-output>
        </test-method> <!-- makePayment -->
        <test-method signature="fillCardInfo()[pri:0, instance:com.broadway.ecom.UserTest@302552ec]" started-at="2025-06-11T18:52:48 NPT" name="fillCardInfo" finished-at="2025-06-11T18:52:51 NPT" depends-on-methods="com.broadway.ecom.UserTest.makePayment" duration-ms="3380" status="PASS">
          <reporter-output>
          </reporter-output>
        </test-method> <!-- fillCardInfo -->
        <test-method signature="logout()[pri:0, instance:com.broadway.ecom.UserTest@302552ec]" started-at="2025-06-11T18:52:51 NPT" name="logout" finished-at="2025-06-11T18:53:02 NPT" depends-on-methods="com.broadway.ecom.UserTest.makePayment" duration-ms="10895" status="PASS">
          <reporter-output>
          </reporter-output>
        </test-method> <!-- logout -->
        <test-method is-config="true" signature="tearDownSuite()[pri:0, instance:com.broadway.ecom.UserTest@302552ec]" started-at="2025-06-11T18:53:02 NPT" name="tearDownSuite" finished-at="2025-06-11T18:53:03 NPT" duration-ms="384" status="PASS">
          <reporter-output>
          </reporter-output>
        </test-method> <!-- tearDownSuite -->
      </class> <!-- com.broadway.ecom.UserTest -->
    </test> <!-- Default test -->
  </suite> <!-- Default suite -->
</testng-results>
