<?xml version="1.0" encoding="UTF-8"?>
<testng-results ignored="0" total="6" passed="6" failed="0" skipped="0">
  <reporter-output>
  </reporter-output>
  <suite started-at="2025-06-12T18:05:41 NPT" name="Default suite" finished-at="2025-06-12T18:06:44 NPT" duration-ms="62763">
    <groups>
    </groups>
    <test started-at="2025-06-12T18:05:41 NPT" name="Default test" finished-at="2025-06-12T18:06:44 NPT" duration-ms="62763">
      <class name="com.broadway.ecom.UserTest">
        <test-method is-config="true" signature="setUpSuite()[pri:0, instance:com.broadway.ecom.UserTest@4e08711f]" started-at="2025-06-12T18:05:30 NPT" name="setUpSuite" finished-at="2025-06-12T18:05:41 NPT" duration-ms="10978" status="PASS">
          <reporter-output>
          </reporter-output>
        </test-method> <!-- setUpSuite -->
        <test-method signature="signUp()[pri:0, instance:com.broadway.ecom.UserTest@4e08711f]" started-at="2025-06-12T18:05:41 NPT" name="signUp" finished-at="2025-06-12T18:06:11 NPT" duration-ms="29790" status="PASS">
          <reporter-output>
          </reporter-output>
        </test-method> <!-- signUp -->
        <test-method signature="fillUserInfo()[pri:0, instance:com.broadway.ecom.UserTest@4e08711f]" started-at="2025-06-12T18:06:11 NPT" name="fillUserInfo" finished-at="2025-06-12T18:06:11 NPT" depends-on-methods="com.broadway.ecom.UserTest.signUp" duration-ms="4" status="PASS">
          <reporter-output>
          </reporter-output>
        </test-method> <!-- fillUserInfo -->
        <test-method signature="buyProducts()[pri:0, instance:com.broadway.ecom.UserTest@4e08711f]" started-at="2025-06-12T18:06:11 NPT" name="buyProducts" finished-at="2025-06-12T18:06:23 NPT" depends-on-methods="com.broadway.ecom.UserTest.fillUserInfo" duration-ms="12023" status="PASS">
          <reporter-output>
          </reporter-output>
        </test-method> <!-- buyProducts -->
        <test-method signature="makePayment()[pri:0, instance:com.broadway.ecom.UserTest@4e08711f]" started-at="2025-06-12T18:06:23 NPT" name="makePayment" finished-at="2025-06-12T18:06:26 NPT" depends-on-methods="com.broadway.ecom.UserTest.buyProducts" duration-ms="2580" status="PASS">
          <reporter-output>
          </reporter-output>
        </test-method> <!-- makePayment -->
        <test-method signature="fillCardInfo()[pri:0, instance:com.broadway.ecom.UserTest@4e08711f]" started-at="2025-06-12T18:06:26 NPT" name="fillCardInfo" finished-at="2025-06-12T18:06:30 NPT" depends-on-methods="com.broadway.ecom.UserTest.makePayment" duration-ms="3744" status="PASS">
          <reporter-output>
          </reporter-output>
        </test-method> <!-- fillCardInfo -->
        <test-method signature="logout()[pri:0, instance:com.broadway.ecom.UserTest@4e08711f]" started-at="2025-06-12T18:06:30 NPT" name="logout" finished-at="2025-06-12T18:06:44 NPT" depends-on-methods="com.broadway.ecom.UserTest.makePayment" duration-ms="14506" status="PASS">
          <reporter-output>
          </reporter-output>
        </test-method> <!-- logout -->
      </class> <!-- com.broadway.ecom.UserTest -->
    </test> <!-- Default test -->
  </suite> <!-- Default suite -->
</testng-results>
